[0.008s] Invoking command in '/home/ravik/ros2_rviz/src/interactive_marker_tutorials/build/interactive_marker_tutorials': CMAKE_PREFIX_PATH=${CMAKE_PREFIX_PATH}:/opt/ros/rolling:/home/ravik/ros2_prac/install/my_py_pkg:/opt/ros/jazzy DEBUGINFOD_URLS=https://debuginfod.ubuntu.com PS1=\[\e]0;$(parse_ros_workspace)\a\]\[\e[1;32m\]\u\[\[\e[0;37m\]@\[\[\e[0;33m\]\h\[\[\e[1;33m\]${text}\[\[\e[0;37m\]:\[$(set_ros_workspace_color)\]$(parse_ros_workspace)\[\[\e[0;32m\]$(parse_git_bracket)\[$(set_git_color)\]$(get_gitbranch)\[\e[0;32m\]>\[\e[1;35m\]\W\[\[\e[1;35m\]$\[\[\e[0m\]\[\e[m\] /usr/bin/cmake /home/ravik/ros2_rviz/src/interactive_marker_tutorials -DAMENT_CMAKE_SYMLINK_INSTALL=1 -DCMAKE_INSTALL_PREFIX=/home/ravik/ros2_rviz/src/interactive_marker_tutorials/install/interactive_marker_tutorials
[0.066s] -- The CXX compiler identification is GNU 13.3.0
[0.085s] -- Detecting CXX compiler ABI info
[0.173s] -- Detecting CXX compiler ABI info - done
[0.185s] -- Check for working CXX compiler: /usr/bin/c++ - skipped
[0.185s] -- Detecting CXX compile features
[0.186s] -- Detecting CXX compile features - done
[0.189s] -- Found ament_cmake: 2.7.2 (/opt/ros/rolling/share/ament_cmake/cmake)
[0.315s] -- Found Python3: /usr/bin/python3 (found version "3.12.3") found components: Interpreter 
[0.373s] -- Override CMake install command with custom implementation using symlinks instead of copying resources
[0.413s] -- Found interactive_markers: 2.6.1 (/opt/ros/rolling/share/interactive_markers/cmake)
[0.462s] -- Found rosidl_generator_c: 4.9.2 (/opt/ros/rolling/share/rosidl_generator_c/cmake)
[0.476s] -- Found rosidl_generator_cpp: 4.9.2 (/opt/ros/rolling/share/rosidl_generator_cpp/cmake)
[0.493s] -- Using all available rosidl_typesupport_c: rosidl_typesupport_fastrtps_c;rosidl_typesupport_introspection_c
[0.511s] -- Using all available rosidl_typesupport_cpp: rosidl_typesupport_fastrtps_cpp;rosidl_typesupport_introspection_cpp
[0.622s] -- Found rmw_implementation_cmake: 7.5.0 (/opt/ros/rolling/share/rmw_implementation_cmake/cmake)
[0.626s] -- Found rmw_fastrtps_cpp: 9.1.0 (/opt/ros/rolling/share/rmw_fastrtps_cpp/cmake)
[0.737s] -- Found OpenSSL: /usr/lib/x86_64-linux-gnu/libcrypto.so (found version "3.0.13")  
[0.755s] -- Found FastRTPS: /opt/ros/rolling/include (Required is at least version "2.13") 
[0.774s] -- Using RMW implementation 'rmw_fastrtps_cpp' as default
[0.905s] -- Found rclcpp_components: 29.2.0 (/opt/ros/rolling/share/rclcpp_components/cmake)
[0.945s] -- Found pluginlib: 5.5.2 (/opt/ros/rolling/share/pluginlib/cmake)
[0.952s] -- Found tf2_geometry_msgs: 0.39.3 (/opt/ros/rolling/share/tf2_geometry_msgs/cmake)
[0.969s] -- Found eigen3_cmake_module: 0.4.0 (/opt/ros/rolling/share/eigen3_cmake_module/cmake)
[0.970s] -- Found Eigen3: TRUE (found version "3.4.0") 
[0.970s] -- Ensuring Eigen3 include directory is part of orocos-kdl CMake target
[1.059s] -- Found rviz_common: 14.3.3 (/opt/ros/rolling/share/rviz_common/cmake)
[1.081s] -- Setting OGRE_DIR to: '/opt/ros/rolling/share/rviz_ogre_vendor/cmake/../../../opt/rviz_ogre_vendor/lib/OGRE/cmake'
[1.082s] -- Found OGRE
[1.082s] --   static     : OFF
[1.082s] --   components : MeshLodGenerator;Overlay;Paging;Property;RTShaderSystem;Terrain;Volume
[1.083s] --   plugins    : Plugin_BSPSceneManager;Plugin_OctreeSceneManager;Plugin_PCZSceneManager;Plugin_ParticleFX;RenderSystem_GL;RenderSystem_GL3Plus;Codec_STBI
[1.083s] --   media      : /opt/ros/rolling/opt/rviz_ogre_vendor/share/OGRE/Media
[1.083s] -- OGRE_LIBRARIES: OgreMeshLodGenerator;OgreOverlay;OgrePaging;OgreProperty;OgreRTShaderSystem;OgreTerrain;OgreVolume;OgreMain
[1.083s] -- OGRE_LIBRARY_DIRS: /opt/ros/rolling/opt/rviz_ogre_vendor/lib
[1.083s] -- OGRE_PLUGINS: Plugin_BSPSceneManager;Plugin_OctreeSceneManager;Plugin_PCZSceneManager;Plugin_ParticleFX;RenderSystem_GL;RenderSystem_GL3Plus;Codec_STBI
[1.083s] -- OGRE_PLUGIN_DIR: /opt/ros/rolling/opt/rviz_ogre_vendor/lib/OGRE
[1.083s] -- rviz_ogre_vendor::OgreOverlay for IMPORTED_LOCATION_RELEASE: /opt/ros/rolling/opt/rviz_ogre_vendor/lib/libOgreOverlay.so
[1.083s] -- rviz_ogre_vendor::OgreOverlay for IMPORTED_LOCATION_DEBUG: /opt/ros/rolling/opt/rviz_ogre_vendor/lib/libOgreOverlay.so
[1.083s] -- rviz_ogre_vendor::OgreMain for IMPORTED_LOCATION_RELEASE: /opt/ros/rolling/opt/rviz_ogre_vendor/lib/libOgreMain.so
[1.083s] -- rviz_ogre_vendor::OgreMain for IMPORTED_LOCATION_DEBUG: /opt/ros/rolling/opt/rviz_ogre_vendor/lib/libOgreMain.so
[1.111s] -- Found ZLIB: /usr/lib/x86_64-linux-gnu/libz.so (found version "1.3")  
[1.121s] -- Found OpenGL: /usr/lib/x86_64-linux-gnu/libOpenGL.so   
[1.267s] -- Found X11: /usr/include   
[1.267s] -- Looking for XOpenDisplay in /usr/lib/x86_64-linux-gnu/libX11.so;/usr/lib/x86_64-linux-gnu/libXext.so
[1.356s] -- Looking for XOpenDisplay in /usr/lib/x86_64-linux-gnu/libX11.so;/usr/lib/x86_64-linux-gnu/libXext.so - found
[1.356s] -- Looking for gethostbyname
[1.428s] -- Looking for gethostbyname - found
[1.429s] -- Looking for connect
[1.504s] -- Looking for connect - found
[1.504s] -- Looking for remove
[1.589s] -- Looking for remove - found
[1.589s] -- Looking for shmat
[1.666s] -- Looking for shmat - found
[1.666s] -- Looking for IceConnectionNumber in ICE
[1.746s] -- Looking for IceConnectionNumber in ICE - found
[1.777s] -- Setting yaml-cpp_DIR to: '/opt/ros/rolling/share/yaml_cpp_vendor/cmake/../../../opt/yaml_cpp_vendor/share/cmake/yaml-cpp'
[1.792s] -- Found ament_lint_auto: 0.17.1 (/opt/ros/jazzy/share/ament_lint_auto/cmake)
[1.885s] -- Added test 'copyright' to check source files copyright and LICENSE
[1.893s] -- Added test 'cppcheck' to perform static code analysis on C / C++ code
[1.894s] -- Configured cppcheck include dirs: $<BUILD_INTERFACE:/home/ravik/ros2_rviz/src/interactive_marker_tutorials/include>
[1.894s] -- Configured cppcheck exclude dirs and/or files: 
[1.901s] -- Added test 'cpplint' to check C / C++ code against the Google style
[1.901s] -- Configured cpplint exclude dirs and/or files: 
[1.904s] -- Added test 'lint_cmake' to check CMake code style
[1.912s] -- Added test 'uncrustify' to check C / C++ code style
[1.912s] -- Configured uncrustify additional arguments: 
[1.913s] -- Added test 'xmllint' to check XML markup files
[1.915s] -- Configuring done (1.9s)
[1.952s] -- Generating done (0.0s)
[1.958s] -- Build files have been written to: /home/ravik/ros2_rviz/src/interactive_marker_tutorials/build/interactive_marker_tutorials
[1.967s] Invoked command in '/home/ravik/ros2_rviz/src/interactive_marker_tutorials/build/interactive_marker_tutorials' returned '0': CMAKE_PREFIX_PATH=${CMAKE_PREFIX_PATH}:/opt/ros/rolling:/home/ravik/ros2_prac/install/my_py_pkg:/opt/ros/jazzy DEBUGINFOD_URLS=https://debuginfod.ubuntu.com PS1=\[\e]0;$(parse_ros_workspace)\a\]\[\e[1;32m\]\u\[\[\e[0;37m\]@\[\[\e[0;33m\]\h\[\[\e[1;33m\]${text}\[\[\e[0;37m\]:\[$(set_ros_workspace_color)\]$(parse_ros_workspace)\[\[\e[0;32m\]$(parse_git_bracket)\[$(set_git_color)\]$(get_gitbranch)\[\e[0;32m\]>\[\e[1;35m\]\W\[\[\e[1;35m\]$\[\[\e[0m\]\[\e[m\] /usr/bin/cmake /home/ravik/ros2_rviz/src/interactive_marker_tutorials -DAMENT_CMAKE_SYMLINK_INSTALL=1 -DCMAKE_INSTALL_PREFIX=/home/ravik/ros2_rviz/src/interactive_marker_tutorials/install/interactive_marker_tutorials
[1.968s] Invoking command in '/home/ravik/ros2_rviz/src/interactive_marker_tutorials/build/interactive_marker_tutorials': CMAKE_PREFIX_PATH=${CMAKE_PREFIX_PATH}:/opt/ros/rolling:/home/ravik/ros2_prac/install/my_py_pkg:/opt/ros/jazzy DEBUGINFOD_URLS=https://debuginfod.ubuntu.com PS1=\[\e]0;$(parse_ros_workspace)\a\]\[\e[1;32m\]\u\[\[\e[0;37m\]@\[\[\e[0;33m\]\h\[\[\e[1;33m\]${text}\[\[\e[0;37m\]:\[$(set_ros_workspace_color)\]$(parse_ros_workspace)\[\[\e[0;32m\]$(parse_git_bracket)\[$(set_git_color)\]$(get_gitbranch)\[\e[0;32m\]>\[\e[1;35m\]\W\[\[\e[1;35m\]$\[\[\e[0m\]\[\e[m\] /usr/bin/cmake --build /home/ravik/ros2_rviz/src/interactive_marker_tutorials/build/interactive_marker_tutorials -- -j32 -l32
[2.021s] [  0%] Built target basic_controls_autogen_timestamp_deps
[2.040s] [ 10%] [34m[1mAutomatic MOC for target basic_controls[0m
[2.077s] [ 10%] Built target basic_controls_autogen
[2.086s] [ 20%] [34m[1mGenerating include/interactive_marker_tutorials/moc_basic_controls.cpp[0m
[2.107s] [ 30%] [32mBuilding CXX object CMakeFiles/basic_controls.dir/basic_controls_autogen/mocs_compilation.cpp.o[0m
[2.108s] [ 40%] [32mBuilding CXX object CMakeFiles/basic_controls.dir/src/basic_controls.cpp.o[0m
[2.108s] [ 50%] [32mBuilding CXX object CMakeFiles/basic_controls.dir/include/interactive_marker_tutorials/moc_basic_controls.cpp.o[0m
[5.961s] [ 60%] [32m[1mLinking CXX shared library libbasic_controls.so[0m
[6.599s] [ 60%] Built target basic_controls
[6.616s] [ 60%] Built target basic_controls_test_autogen_timestamp_deps
[6.634s] [ 70%] [34m[1mAutomatic MOC for target basic_controls_test[0m
[6.671s] [ 70%] Built target basic_controls_test_autogen
[6.694s] [ 80%] [32mBuilding CXX object CMakeFiles/basic_controls_test.dir/basic_controls_test_autogen/mocs_compilation.cpp.o[0m
[6.695s] [ 90%] [32mBuilding CXX object CMakeFiles/basic_controls_test.dir/src/basic_controls_test.cpp.o[0m
[9.400s] [100%] [32m[1mLinking CXX executable basic_controls_test[0m
[9.727s] [100%] Built target basic_controls_test
[9.739s] Invoked command in '/home/ravik/ros2_rviz/src/interactive_marker_tutorials/build/interactive_marker_tutorials' returned '0': CMAKE_PREFIX_PATH=${CMAKE_PREFIX_PATH}:/opt/ros/rolling:/home/ravik/ros2_prac/install/my_py_pkg:/opt/ros/jazzy DEBUGINFOD_URLS=https://debuginfod.ubuntu.com PS1=\[\e]0;$(parse_ros_workspace)\a\]\[\e[1;32m\]\u\[\[\e[0;37m\]@\[\[\e[0;33m\]\h\[\[\e[1;33m\]${text}\[\[\e[0;37m\]:\[$(set_ros_workspace_color)\]$(parse_ros_workspace)\[\[\e[0;32m\]$(parse_git_bracket)\[$(set_git_color)\]$(get_gitbranch)\[\e[0;32m\]>\[\e[1;35m\]\W\[\[\e[1;35m\]$\[\[\e[0m\]\[\e[m\] /usr/bin/cmake --build /home/ravik/ros2_rviz/src/interactive_marker_tutorials/build/interactive_marker_tutorials -- -j32 -l32
[9.748s] Invoking command in '/home/ravik/ros2_rviz/src/interactive_marker_tutorials/build/interactive_marker_tutorials': CMAKE_PREFIX_PATH=${CMAKE_PREFIX_PATH}:/opt/ros/rolling:/home/ravik/ros2_prac/install/my_py_pkg:/opt/ros/jazzy DEBUGINFOD_URLS=https://debuginfod.ubuntu.com PS1=\[\e]0;$(parse_ros_workspace)\a\]\[\e[1;32m\]\u\[\[\e[0;37m\]@\[\[\e[0;33m\]\h\[\[\e[1;33m\]${text}\[\[\e[0;37m\]:\[$(set_ros_workspace_color)\]$(parse_ros_workspace)\[\[\e[0;32m\]$(parse_git_bracket)\[$(set_git_color)\]$(get_gitbranch)\[\e[0;32m\]>\[\e[1;35m\]\W\[\[\e[1;35m\]$\[\[\e[0m\]\[\e[m\] /usr/bin/cmake --install /home/ravik/ros2_rviz/src/interactive_marker_tutorials/build/interactive_marker_tutorials
[9.756s] -- Install configuration: ""
[9.756s] -- Execute custom install script
[9.757s] -- Symlinking: /home/ravik/ros2_rviz/src/interactive_marker_tutorials/install/interactive_marker_tutorials/include/interactive_marker_tutorials/interactive_marker_tutorials/basic_controls.hpp
[9.765s] -- Symlinking: /home/ravik/ros2_rviz/src/interactive_marker_tutorials/install/interactive_marker_tutorials/share/interactive_marker_tutorials/basic_controls.xml
[9.774s] -- Symlinking: /home/ravik/ros2_rviz/src/interactive_marker_tutorials/install/interactive_marker_tutorials/share/interactive_marker_tutorials/environment/library_path.sh
[9.780s] -- Symlinking: /home/ravik/ros2_rviz/src/interactive_marker_tutorials/install/interactive_marker_tutorials/share/interactive_marker_tutorials/environment/library_path.dsv
[9.788s] -- Up-to-date symlink: /home/ravik/ros2_rviz/src/interactive_marker_tutorials/install/interactive_marker_tutorials/share/interactive_marker_tutorials//basic_controls.xml
[9.788s] -- Symlinking: /home/ravik/ros2_rviz/src/interactive_marker_tutorials/install/interactive_marker_tutorials/lib/interactive_marker_tutorials/basic_controls_test
[9.797s] -- Symlinking: /home/ravik/ros2_rviz/src/interactive_marker_tutorials/install/interactive_marker_tutorials/share/ament_index/resource_index/package_run_dependencies/interactive_marker_tutorials
[9.803s] -- Symlinking: /home/ravik/ros2_rviz/src/interactive_marker_tutorials/install/interactive_marker_tutorials/share/ament_index/resource_index/parent_prefix_path/interactive_marker_tutorials
[9.809s] -- Symlinking: /home/ravik/ros2_rviz/src/interactive_marker_tutorials/install/interactive_marker_tutorials/share/interactive_marker_tutorials/environment/ament_prefix_path.sh
[9.816s] -- Symlinking: /home/ravik/ros2_rviz/src/interactive_marker_tutorials/install/interactive_marker_tutorials/share/interactive_marker_tutorials/environment/ament_prefix_path.dsv
[9.825s] -- Symlinking: /home/ravik/ros2_rviz/src/interactive_marker_tutorials/install/interactive_marker_tutorials/share/interactive_marker_tutorials/environment/path.sh
[9.832s] -- Symlinking: /home/ravik/ros2_rviz/src/interactive_marker_tutorials/install/interactive_marker_tutorials/share/interactive_marker_tutorials/environment/path.dsv
[9.840s] -- Symlinking: /home/ravik/ros2_rviz/src/interactive_marker_tutorials/install/interactive_marker_tutorials/share/interactive_marker_tutorials/local_setup.bash
[9.846s] -- Symlinking: /home/ravik/ros2_rviz/src/interactive_marker_tutorials/install/interactive_marker_tutorials/share/interactive_marker_tutorials/local_setup.sh
[9.854s] -- Symlinking: /home/ravik/ros2_rviz/src/interactive_marker_tutorials/install/interactive_marker_tutorials/share/interactive_marker_tutorials/local_setup.zsh
[9.861s] -- Symlinking: /home/ravik/ros2_rviz/src/interactive_marker_tutorials/install/interactive_marker_tutorials/share/interactive_marker_tutorials/local_setup.dsv
[9.867s] -- Symlinking: /home/ravik/ros2_rviz/src/interactive_marker_tutorials/install/interactive_marker_tutorials/share/interactive_marker_tutorials/package.dsv
[9.875s] -- Symlinking: /home/ravik/ros2_rviz/src/interactive_marker_tutorials/install/interactive_marker_tutorials/share/ament_index/resource_index/packages/interactive_marker_tutorials
[9.882s] -- Symlinking: /home/ravik/ros2_rviz/src/interactive_marker_tutorials/install/interactive_marker_tutorials/share/ament_index/resource_index/rviz_common__pluginlib__plugin/interactive_marker_tutorials
[9.891s] -- Symlinking: /home/ravik/ros2_rviz/src/interactive_marker_tutorials/install/interactive_marker_tutorials/share/ament_index/resource_index/rclcpp_components/interactive_marker_tutorials
[9.898s] -- Symlinking: /home/ravik/ros2_rviz/src/interactive_marker_tutorials/install/interactive_marker_tutorials/share/interactive_marker_tutorials/cmake/ament_cmake_export_include_directories-extras.cmake
[9.906s] -- Symlinking: /home/ravik/ros2_rviz/src/interactive_marker_tutorials/install/interactive_marker_tutorials/share/interactive_marker_tutorials/cmake/ament_cmake_export_targets-extras.cmake
[9.913s] -- Symlinking: /home/ravik/ros2_rviz/src/interactive_marker_tutorials/install/interactive_marker_tutorials/share/interactive_marker_tutorials/cmake/interactive_marker_tutorialsConfig.cmake
[9.921s] -- Symlinking: /home/ravik/ros2_rviz/src/interactive_marker_tutorials/install/interactive_marker_tutorials/share/interactive_marker_tutorials/cmake/interactive_marker_tutorialsConfig-version.cmake
[9.928s] -- Symlinking: /home/ravik/ros2_rviz/src/interactive_marker_tutorials/install/interactive_marker_tutorials/share/interactive_marker_tutorials/package.xml
[9.937s] -- Installing: /home/ravik/ros2_rviz/src/interactive_marker_tutorials/install/interactive_marker_tutorials/lib/libbasic_controls.so
[9.938s] -- Set non-toolchain portion of runtime path of "/home/ravik/ros2_rviz/src/interactive_marker_tutorials/install/interactive_marker_tutorials/lib/libbasic_controls.so" to ""
[9.938s] -- Installing: /home/ravik/ros2_rviz/src/interactive_marker_tutorials/install/interactive_marker_tutorials/share/interactive_marker_tutorials/cmake/export_interactive_marker_tutorialsExport.cmake
[9.938s] -- Installing: /home/ravik/ros2_rviz/src/interactive_marker_tutorials/install/interactive_marker_tutorials/share/interactive_marker_tutorials/cmake/export_interactive_marker_tutorialsExport-noconfig.cmake
[9.939s] Invoked command in '/home/ravik/ros2_rviz/src/interactive_marker_tutorials/build/interactive_marker_tutorials' returned '0': CMAKE_PREFIX_PATH=${CMAKE_PREFIX_PATH}:/opt/ros/rolling:/home/ravik/ros2_prac/install/my_py_pkg:/opt/ros/jazzy DEBUGINFOD_URLS=https://debuginfod.ubuntu.com PS1=\[\e]0;$(parse_ros_workspace)\a\]\[\e[1;32m\]\u\[\[\e[0;37m\]@\[\[\e[0;33m\]\h\[\[\e[1;33m\]${text}\[\[\e[0;37m\]:\[$(set_ros_workspace_color)\]$(parse_ros_workspace)\[\[\e[0;32m\]$(parse_git_bracket)\[$(set_git_color)\]$(get_gitbranch)\[\e[0;32m\]>\[\e[1;35m\]\W\[\[\e[1;35m\]$\[\[\e[0m\]\[\e[m\] /usr/bin/cmake --install /home/ravik/ros2_rviz/src/interactive_marker_tutorials/build/interactive_marker_tutorials
