[0.081s] DEBUG:colcon:Command line arguments: ['/usr/bin/colcon', 'build', '--symlink-install']
[0.081s] DEBUG:colcon:Parsed command line arguments: Namespace(log_base=None, log_level=None, verb_name='build', build_base='build', install_base='install', merge_install=False, symlink_install=True, test_result_base=None, continue_on_error=False, executor='parallel', parallel_workers=32, event_handlers=None, ignore_user_meta=False, metas=['./colcon.meta'], base_paths=['.'], packages_ignore=None, packages_ignore_regex=None, paths=None, packages_up_to=None, packages_up_to_regex=None, packages_above=None, packages_above_and_dependencies=None, packages_above_depth=None, packages_select_by_dep=None, packages_skip_by_dep=None, packages_skip_up_to=None, packages_select_build_failed=False, packages_skip_build_finished=False, packages_select_test_failures=False, packages_skip_test_passed=False, packages_select=None, packages_skip=None, packages_select_regex=None, packages_skip_regex=None, packages_start=None, packages_end=None, allow_overriding=[], cmake_args=None, cmake_target=None, cmake_target_skip_unavailable=False, cmake_clean_cache=False, cmake_clean_first=False, cmake_force_configure=False, ament_cmake_args=None, catkin_cmake_args=None, catkin_skip_building_tests=False, mixin_files=None, mixin=None, verb_parser=<colcon_mixin.mixin.mixin_argument.MixinArgumentDecorator object at 0x7fbe62b9f860>, verb_extension=<colcon_core.verb.build.BuildVerb object at 0x7fbe62cf7800>, main=<bound method BuildVerb.main of <colcon_core.verb.build.BuildVerb object at 0x7fbe62cf7800>>, mixin_verb=('build',))
[0.107s] Level 1:colcon.colcon_core.package_discovery:discover_packages(colcon_meta) check parameters
[0.107s] Level 1:colcon.colcon_core.package_discovery:discover_packages(recursive) check parameters
[0.107s] Level 1:colcon.colcon_core.package_discovery:discover_packages(ignore) check parameters
[0.107s] Level 1:colcon.colcon_core.package_discovery:discover_packages(path) check parameters
[0.107s] Level 1:colcon.colcon_core.package_discovery:discover_packages(colcon_meta) discover
[0.107s] Level 1:colcon.colcon_core.package_discovery:discover_packages(recursive) discover
[0.107s] INFO:colcon.colcon_core.package_discovery:Crawling recursively for packages in '/home/ravik/ros2_rviz/src/interactive_marker_tutorials'
[0.107s] Level 1:colcon.colcon_core.package_identification:_identify(.) by extensions ['ignore', 'ignore_ament_install']
[0.107s] Level 1:colcon.colcon_core.package_identification:_identify(.) by extension 'ignore'
[0.107s] Level 1:colcon.colcon_core.package_identification:_identify(.) by extension 'ignore_ament_install'
[0.107s] Level 1:colcon.colcon_core.package_identification:_identify(.) by extensions ['colcon_pkg']
[0.107s] Level 1:colcon.colcon_core.package_identification:_identify(.) by extension 'colcon_pkg'
[0.107s] Level 1:colcon.colcon_core.package_identification:_identify(.) by extensions ['colcon_meta']
[0.107s] Level 1:colcon.colcon_core.package_identification:_identify(.) by extension 'colcon_meta'
[0.107s] Level 1:colcon.colcon_core.package_identification:_identify(.) by extensions ['ros']
[0.107s] Level 1:colcon.colcon_core.package_identification:_identify(.) by extension 'ros'
[0.127s] DEBUG:colcon.colcon_core.package_identification:Package '.' with type 'ros.ament_cmake' and name 'interactive_marker_tutorials'
[0.127s] Level 1:colcon.colcon_core.package_discovery:discover_packages(recursive) using defaults
[0.127s] Level 1:colcon.colcon_core.package_discovery:discover_packages(ignore) discover
[0.127s] Level 1:colcon.colcon_core.package_discovery:discover_packages(ignore) using defaults
[0.127s] Level 1:colcon.colcon_core.package_discovery:discover_packages(path) discover
[0.127s] Level 1:colcon.colcon_core.package_discovery:discover_packages(path) using defaults
[0.139s] Level 1:colcon.colcon_core.package_discovery:discover_packages(prefix_path) check parameters
[0.139s] Level 1:colcon.colcon_core.package_discovery:discover_packages(prefix_path) discover
[0.140s] DEBUG:colcon.colcon_installed_package_information.package_discovery:Found 2 installed packages in /home/ravik/ros2_rviz/install
[0.141s] DEBUG:colcon.colcon_installed_package_information.package_discovery:Found 2 installed packages in /home/ravik/ros2_prac/install
[0.141s] DEBUG:colcon.colcon_installed_package_information.package_discovery:Found 132 installed packages in /opt/ros/rolling
[0.142s] DEBUG:colcon.colcon_installed_package_information.package_discovery:Found 445 installed packages in /opt/ros/jazzy
[0.145s] Level 1:colcon.colcon_core.package_discovery:discover_packages(prefix_path) using defaults
[0.193s] Level 5:colcon.colcon_core.verb:set package 'interactive_marker_tutorials' build argument 'cmake_args' from command line to 'None'
[0.193s] Level 5:colcon.colcon_core.verb:set package 'interactive_marker_tutorials' build argument 'cmake_target' from command line to 'None'
[0.193s] Level 5:colcon.colcon_core.verb:set package 'interactive_marker_tutorials' build argument 'cmake_target_skip_unavailable' from command line to 'False'
[0.193s] Level 5:colcon.colcon_core.verb:set package 'interactive_marker_tutorials' build argument 'cmake_clean_cache' from command line to 'False'
[0.193s] Level 5:colcon.colcon_core.verb:set package 'interactive_marker_tutorials' build argument 'cmake_clean_first' from command line to 'False'
[0.193s] Level 5:colcon.colcon_core.verb:set package 'interactive_marker_tutorials' build argument 'cmake_force_configure' from command line to 'False'
[0.193s] Level 5:colcon.colcon_core.verb:set package 'interactive_marker_tutorials' build argument 'ament_cmake_args' from command line to 'None'
[0.193s] Level 5:colcon.colcon_core.verb:set package 'interactive_marker_tutorials' build argument 'catkin_cmake_args' from command line to 'None'
[0.193s] Level 5:colcon.colcon_core.verb:set package 'interactive_marker_tutorials' build argument 'catkin_skip_building_tests' from command line to 'False'
[0.193s] DEBUG:colcon.colcon_core.verb:Building package 'interactive_marker_tutorials' with the following arguments: {'ament_cmake_args': None, 'build_base': '/home/ravik/ros2_rviz/src/interactive_marker_tutorials/build/interactive_marker_tutorials', 'catkin_cmake_args': None, 'catkin_skip_building_tests': False, 'cmake_args': None, 'cmake_clean_cache': False, 'cmake_clean_first': False, 'cmake_force_configure': False, 'cmake_target': None, 'cmake_target_skip_unavailable': False, 'install_base': '/home/ravik/ros2_rviz/src/interactive_marker_tutorials/install/interactive_marker_tutorials', 'merge_install': False, 'path': '/home/ravik/ros2_rviz/src/interactive_marker_tutorials', 'symlink_install': True, 'test_result_base': None}
[0.193s] INFO:colcon.colcon_core.executor:Executing jobs using 'parallel' executor
[0.194s] DEBUG:colcon.colcon_parallel_executor.executor.parallel:run_until_complete
[0.194s] INFO:colcon.colcon_ros.task.ament_cmake.build:Building ROS package in '/home/ravik/ros2_rviz/src/interactive_marker_tutorials' with build type 'ament_cmake'
[0.194s] INFO:colcon.colcon_cmake.task.cmake.build:Building CMake package in '/home/ravik/ros2_rviz/src/interactive_marker_tutorials'
[0.195s] INFO:colcon.colcon_core.plugin_system:Skipping extension 'colcon_core.shell.bat': Not used on non-Windows systems
[0.196s] INFO:colcon.colcon_core.shell:Skip shell extension 'powershell' for command environment: Not usable outside of PowerShell
[0.196s] DEBUG:colcon.colcon_core.shell:Skip shell extension 'dsv' for command environment
[0.203s] DEBUG:colcon.colcon_core.event_handler.log_command:Invoking command in '/home/ravik/ros2_rviz/src/interactive_marker_tutorials/build/interactive_marker_tutorials': CMAKE_PREFIX_PATH=${CMAKE_PREFIX_PATH}:/opt/ros/rolling:/home/ravik/ros2_prac/install/my_py_pkg:/opt/ros/jazzy DEBUGINFOD_URLS=https://debuginfod.ubuntu.com PS1=\[\e]0;$(parse_ros_workspace)\a\]\[\e[1;32m\]\u\[\[\e[0;37m\]@\[\[\e[0;33m\]\h\[\[\e[1;33m\]${text}\[\[\e[0;37m\]:\[$(set_ros_workspace_color)\]$(parse_ros_workspace)\[\[\e[0;32m\]$(parse_git_bracket)\[$(set_git_color)\]$(get_gitbranch)\[\e[0;32m\]>\[\e[1;35m\]\W\[\[\e[1;35m\]$\[\[\e[0m\]\[\e[m\] /usr/bin/cmake /home/ravik/ros2_rviz/src/interactive_marker_tutorials -DAMENT_CMAKE_SYMLINK_INSTALL=1 -DCMAKE_INSTALL_PREFIX=/home/ravik/ros2_rviz/src/interactive_marker_tutorials/install/interactive_marker_tutorials
[2.162s] DEBUG:colcon.colcon_core.event_handler.log_command:Invoked command in '/home/ravik/ros2_rviz/src/interactive_marker_tutorials/build/interactive_marker_tutorials' returned '0': CMAKE_PREFIX_PATH=${CMAKE_PREFIX_PATH}:/opt/ros/rolling:/home/ravik/ros2_prac/install/my_py_pkg:/opt/ros/jazzy DEBUGINFOD_URLS=https://debuginfod.ubuntu.com PS1=\[\e]0;$(parse_ros_workspace)\a\]\[\e[1;32m\]\u\[\[\e[0;37m\]@\[\[\e[0;33m\]\h\[\[\e[1;33m\]${text}\[\[\e[0;37m\]:\[$(set_ros_workspace_color)\]$(parse_ros_workspace)\[\[\e[0;32m\]$(parse_git_bracket)\[$(set_git_color)\]$(get_gitbranch)\[\e[0;32m\]>\[\e[1;35m\]\W\[\[\e[1;35m\]$\[\[\e[0m\]\[\e[m\] /usr/bin/cmake /home/ravik/ros2_rviz/src/interactive_marker_tutorials -DAMENT_CMAKE_SYMLINK_INSTALL=1 -DCMAKE_INSTALL_PREFIX=/home/ravik/ros2_rviz/src/interactive_marker_tutorials/install/interactive_marker_tutorials
[2.162s] DEBUG:colcon.colcon_core.event_handler.log_command:Invoking command in '/home/ravik/ros2_rviz/src/interactive_marker_tutorials/build/interactive_marker_tutorials': CMAKE_PREFIX_PATH=${CMAKE_PREFIX_PATH}:/opt/ros/rolling:/home/ravik/ros2_prac/install/my_py_pkg:/opt/ros/jazzy DEBUGINFOD_URLS=https://debuginfod.ubuntu.com PS1=\[\e]0;$(parse_ros_workspace)\a\]\[\e[1;32m\]\u\[\[\e[0;37m\]@\[\[\e[0;33m\]\h\[\[\e[1;33m\]${text}\[\[\e[0;37m\]:\[$(set_ros_workspace_color)\]$(parse_ros_workspace)\[\[\e[0;32m\]$(parse_git_bracket)\[$(set_git_color)\]$(get_gitbranch)\[\e[0;32m\]>\[\e[1;35m\]\W\[\[\e[1;35m\]$\[\[\e[0m\]\[\e[m\] /usr/bin/cmake --build /home/ravik/ros2_rviz/src/interactive_marker_tutorials/build/interactive_marker_tutorials -- -j32 -l32
[9.933s] DEBUG:colcon.colcon_core.event_handler.log_command:Invoked command in '/home/ravik/ros2_rviz/src/interactive_marker_tutorials/build/interactive_marker_tutorials' returned '0': CMAKE_PREFIX_PATH=${CMAKE_PREFIX_PATH}:/opt/ros/rolling:/home/ravik/ros2_prac/install/my_py_pkg:/opt/ros/jazzy DEBUGINFOD_URLS=https://debuginfod.ubuntu.com PS1=\[\e]0;$(parse_ros_workspace)\a\]\[\e[1;32m\]\u\[\[\e[0;37m\]@\[\[\e[0;33m\]\h\[\[\e[1;33m\]${text}\[\[\e[0;37m\]:\[$(set_ros_workspace_color)\]$(parse_ros_workspace)\[\[\e[0;32m\]$(parse_git_bracket)\[$(set_git_color)\]$(get_gitbranch)\[\e[0;32m\]>\[\e[1;35m\]\W\[\[\e[1;35m\]$\[\[\e[0m\]\[\e[m\] /usr/bin/cmake --build /home/ravik/ros2_rviz/src/interactive_marker_tutorials/build/interactive_marker_tutorials -- -j32 -l32
[9.942s] DEBUG:colcon.colcon_core.event_handler.log_command:Invoking command in '/home/ravik/ros2_rviz/src/interactive_marker_tutorials/build/interactive_marker_tutorials': CMAKE_PREFIX_PATH=${CMAKE_PREFIX_PATH}:/opt/ros/rolling:/home/ravik/ros2_prac/install/my_py_pkg:/opt/ros/jazzy DEBUGINFOD_URLS=https://debuginfod.ubuntu.com PS1=\[\e]0;$(parse_ros_workspace)\a\]\[\e[1;32m\]\u\[\[\e[0;37m\]@\[\[\e[0;33m\]\h\[\[\e[1;33m\]${text}\[\[\e[0;37m\]:\[$(set_ros_workspace_color)\]$(parse_ros_workspace)\[\[\e[0;32m\]$(parse_git_bracket)\[$(set_git_color)\]$(get_gitbranch)\[\e[0;32m\]>\[\e[1;35m\]\W\[\[\e[1;35m\]$\[\[\e[0m\]\[\e[m\] /usr/bin/cmake --install /home/ravik/ros2_rviz/src/interactive_marker_tutorials/build/interactive_marker_tutorials
[10.133s] Level 1:colcon.colcon_core.environment:create_environment_scripts_only(interactive_marker_tutorials)
[10.134s] DEBUG:colcon.colcon_core.event_handler.log_command:Invoked command in '/home/ravik/ros2_rviz/src/interactive_marker_tutorials/build/interactive_marker_tutorials' returned '0': CMAKE_PREFIX_PATH=${CMAKE_PREFIX_PATH}:/opt/ros/rolling:/home/ravik/ros2_prac/install/my_py_pkg:/opt/ros/jazzy DEBUGINFOD_URLS=https://debuginfod.ubuntu.com PS1=\[\e]0;$(parse_ros_workspace)\a\]\[\e[1;32m\]\u\[\[\e[0;37m\]@\[\[\e[0;33m\]\h\[\[\e[1;33m\]${text}\[\[\e[0;37m\]:\[$(set_ros_workspace_color)\]$(parse_ros_workspace)\[\[\e[0;32m\]$(parse_git_bracket)\[$(set_git_color)\]$(get_gitbranch)\[\e[0;32m\]>\[\e[1;35m\]\W\[\[\e[1;35m\]$\[\[\e[0m\]\[\e[m\] /usr/bin/cmake --install /home/ravik/ros2_rviz/src/interactive_marker_tutorials/build/interactive_marker_tutorials
[10.135s] Level 1:colcon.colcon_core.environment:checking '/home/ravik/ros2_rviz/src/interactive_marker_tutorials/install/interactive_marker_tutorials' for CMake module files
[10.135s] Level 1:colcon.colcon_core.environment:checking '/home/ravik/ros2_rviz/src/interactive_marker_tutorials/install/interactive_marker_tutorials' for CMake config files
[10.135s] Level 1:colcon.colcon_core.shell:create_environment_hook('interactive_marker_tutorials', 'cmake_prefix_path')
[10.135s] INFO:colcon.colcon_core.shell:Creating environment hook '/home/ravik/ros2_rviz/src/interactive_marker_tutorials/install/interactive_marker_tutorials/share/interactive_marker_tutorials/hook/cmake_prefix_path.ps1'
[10.136s] INFO:colcon.colcon_core.shell:Creating environment descriptor '/home/ravik/ros2_rviz/src/interactive_marker_tutorials/install/interactive_marker_tutorials/share/interactive_marker_tutorials/hook/cmake_prefix_path.dsv'
[10.136s] INFO:colcon.colcon_core.shell:Creating environment hook '/home/ravik/ros2_rviz/src/interactive_marker_tutorials/install/interactive_marker_tutorials/share/interactive_marker_tutorials/hook/cmake_prefix_path.sh'
[10.136s] Level 1:colcon.colcon_core.environment:checking '/home/ravik/ros2_rviz/src/interactive_marker_tutorials/install/interactive_marker_tutorials/lib'
[10.136s] Level 1:colcon.colcon_core.shell:create_environment_hook('interactive_marker_tutorials', 'ld_library_path_lib')
[10.137s] INFO:colcon.colcon_core.shell:Creating environment hook '/home/ravik/ros2_rviz/src/interactive_marker_tutorials/install/interactive_marker_tutorials/share/interactive_marker_tutorials/hook/ld_library_path_lib.ps1'
[10.137s] INFO:colcon.colcon_core.shell:Creating environment descriptor '/home/ravik/ros2_rviz/src/interactive_marker_tutorials/install/interactive_marker_tutorials/share/interactive_marker_tutorials/hook/ld_library_path_lib.dsv'
[10.137s] INFO:colcon.colcon_core.shell:Creating environment hook '/home/ravik/ros2_rviz/src/interactive_marker_tutorials/install/interactive_marker_tutorials/share/interactive_marker_tutorials/hook/ld_library_path_lib.sh'
[10.137s] Level 1:colcon.colcon_core.environment:checking '/home/ravik/ros2_rviz/src/interactive_marker_tutorials/install/interactive_marker_tutorials/bin'
[10.137s] Level 1:colcon.colcon_core.environment:checking '/home/ravik/ros2_rviz/src/interactive_marker_tutorials/install/interactive_marker_tutorials/lib/pkgconfig/interactive_marker_tutorials.pc'
[10.137s] Level 1:colcon.colcon_core.environment:checking '/home/ravik/ros2_rviz/src/interactive_marker_tutorials/install/interactive_marker_tutorials/lib/python3.12/site-packages'
[10.137s] Level 1:colcon.colcon_core.environment:checking '/home/ravik/ros2_rviz/src/interactive_marker_tutorials/install/interactive_marker_tutorials/bin'
[10.138s] INFO:colcon.colcon_core.shell:Creating package script '/home/ravik/ros2_rviz/src/interactive_marker_tutorials/install/interactive_marker_tutorials/share/interactive_marker_tutorials/package.ps1'
[10.138s] INFO:colcon.colcon_core.shell:Creating package descriptor '/home/ravik/ros2_rviz/src/interactive_marker_tutorials/install/interactive_marker_tutorials/share/interactive_marker_tutorials/package.dsv'
[10.138s] INFO:colcon.colcon_core.shell:Creating package script '/home/ravik/ros2_rviz/src/interactive_marker_tutorials/install/interactive_marker_tutorials/share/interactive_marker_tutorials/package.sh'
[10.139s] INFO:colcon.colcon_core.shell:Creating package script '/home/ravik/ros2_rviz/src/interactive_marker_tutorials/install/interactive_marker_tutorials/share/interactive_marker_tutorials/package.bash'
[10.139s] INFO:colcon.colcon_core.shell:Creating package script '/home/ravik/ros2_rviz/src/interactive_marker_tutorials/install/interactive_marker_tutorials/share/interactive_marker_tutorials/package.zsh'
[10.139s] Level 1:colcon.colcon_core.environment:create_file_with_runtime_dependencies(/home/ravik/ros2_rviz/src/interactive_marker_tutorials/install/interactive_marker_tutorials/share/colcon-core/packages/interactive_marker_tutorials)
[10.139s] Level 1:colcon.colcon_core.environment:create_environment_scripts_only(interactive_marker_tutorials)
[10.140s] Level 1:colcon.colcon_core.environment:checking '/home/ravik/ros2_rviz/src/interactive_marker_tutorials/install/interactive_marker_tutorials' for CMake module files
[10.140s] Level 1:colcon.colcon_core.environment:checking '/home/ravik/ros2_rviz/src/interactive_marker_tutorials/install/interactive_marker_tutorials' for CMake config files
[10.140s] Level 1:colcon.colcon_core.shell:create_environment_hook('interactive_marker_tutorials', 'cmake_prefix_path')
[10.140s] INFO:colcon.colcon_core.shell:Creating environment hook '/home/ravik/ros2_rviz/src/interactive_marker_tutorials/install/interactive_marker_tutorials/share/interactive_marker_tutorials/hook/cmake_prefix_path.ps1'
[10.140s] INFO:colcon.colcon_core.shell:Creating environment descriptor '/home/ravik/ros2_rviz/src/interactive_marker_tutorials/install/interactive_marker_tutorials/share/interactive_marker_tutorials/hook/cmake_prefix_path.dsv'
[10.141s] INFO:colcon.colcon_core.shell:Creating environment hook '/home/ravik/ros2_rviz/src/interactive_marker_tutorials/install/interactive_marker_tutorials/share/interactive_marker_tutorials/hook/cmake_prefix_path.sh'
[10.141s] Level 1:colcon.colcon_core.environment:checking '/home/ravik/ros2_rviz/src/interactive_marker_tutorials/install/interactive_marker_tutorials/lib'
[10.141s] Level 1:colcon.colcon_core.shell:create_environment_hook('interactive_marker_tutorials', 'ld_library_path_lib')
[10.141s] INFO:colcon.colcon_core.shell:Creating environment hook '/home/ravik/ros2_rviz/src/interactive_marker_tutorials/install/interactive_marker_tutorials/share/interactive_marker_tutorials/hook/ld_library_path_lib.ps1'
[10.141s] INFO:colcon.colcon_core.shell:Creating environment descriptor '/home/ravik/ros2_rviz/src/interactive_marker_tutorials/install/interactive_marker_tutorials/share/interactive_marker_tutorials/hook/ld_library_path_lib.dsv'
[10.141s] INFO:colcon.colcon_core.shell:Creating environment hook '/home/ravik/ros2_rviz/src/interactive_marker_tutorials/install/interactive_marker_tutorials/share/interactive_marker_tutorials/hook/ld_library_path_lib.sh'
[10.141s] Level 1:colcon.colcon_core.environment:checking '/home/ravik/ros2_rviz/src/interactive_marker_tutorials/install/interactive_marker_tutorials/bin'
[10.142s] Level 1:colcon.colcon_core.environment:checking '/home/ravik/ros2_rviz/src/interactive_marker_tutorials/install/interactive_marker_tutorials/lib/pkgconfig/interactive_marker_tutorials.pc'
[10.142s] Level 1:colcon.colcon_core.environment:checking '/home/ravik/ros2_rviz/src/interactive_marker_tutorials/install/interactive_marker_tutorials/lib/python3.12/site-packages'
[10.142s] Level 1:colcon.colcon_core.environment:checking '/home/ravik/ros2_rviz/src/interactive_marker_tutorials/install/interactive_marker_tutorials/bin'
[10.142s] INFO:colcon.colcon_core.shell:Creating package script '/home/ravik/ros2_rviz/src/interactive_marker_tutorials/install/interactive_marker_tutorials/share/interactive_marker_tutorials/package.ps1'
[10.142s] INFO:colcon.colcon_core.shell:Creating package descriptor '/home/ravik/ros2_rviz/src/interactive_marker_tutorials/install/interactive_marker_tutorials/share/interactive_marker_tutorials/package.dsv'
[10.142s] INFO:colcon.colcon_core.shell:Creating package script '/home/ravik/ros2_rviz/src/interactive_marker_tutorials/install/interactive_marker_tutorials/share/interactive_marker_tutorials/package.sh'
[10.143s] INFO:colcon.colcon_core.shell:Creating package script '/home/ravik/ros2_rviz/src/interactive_marker_tutorials/install/interactive_marker_tutorials/share/interactive_marker_tutorials/package.bash'
[10.143s] INFO:colcon.colcon_core.shell:Creating package script '/home/ravik/ros2_rviz/src/interactive_marker_tutorials/install/interactive_marker_tutorials/share/interactive_marker_tutorials/package.zsh'
[10.143s] Level 1:colcon.colcon_core.environment:create_file_with_runtime_dependencies(/home/ravik/ros2_rviz/src/interactive_marker_tutorials/install/interactive_marker_tutorials/share/colcon-core/packages/interactive_marker_tutorials)
[10.143s] DEBUG:colcon.colcon_parallel_executor.executor.parallel:closing loop
[10.143s] DEBUG:colcon.colcon_parallel_executor.executor.parallel:loop closed
[10.144s] DEBUG:colcon.colcon_parallel_executor.executor.parallel:run_until_complete finished with '0'
[10.144s] DEBUG:colcon.colcon_core.event_reactor:joining thread
[10.147s] INFO:colcon.colcon_core.plugin_system:Skipping extension 'colcon_notification.desktop_notification.terminal_notifier': Not used on non-Darwin systems
[10.147s] INFO:colcon.colcon_core.plugin_system:Skipping extension 'colcon_notification.desktop_notification.win32': Not used on non-Windows systems
[10.147s] INFO:colcon.colcon_notification.desktop_notification:Sending desktop notification using 'notify2'
[10.164s] DEBUG:colcon.colcon_core.event_reactor:joined thread
[10.164s] INFO:colcon.colcon_core.shell:Creating prefix script '/home/ravik/ros2_rviz/src/interactive_marker_tutorials/install/local_setup.ps1'
[10.164s] INFO:colcon.colcon_core.shell:Creating prefix util module '/home/ravik/ros2_rviz/src/interactive_marker_tutorials/install/_local_setup_util_ps1.py'
[10.165s] INFO:colcon.colcon_core.shell:Creating prefix chain script '/home/ravik/ros2_rviz/src/interactive_marker_tutorials/install/setup.ps1'
[10.165s] INFO:colcon.colcon_core.shell:Creating prefix script '/home/ravik/ros2_rviz/src/interactive_marker_tutorials/install/local_setup.sh'
[10.166s] INFO:colcon.colcon_core.shell:Creating prefix util module '/home/ravik/ros2_rviz/src/interactive_marker_tutorials/install/_local_setup_util_sh.py'
[10.166s] INFO:colcon.colcon_core.shell:Creating prefix chain script '/home/ravik/ros2_rviz/src/interactive_marker_tutorials/install/setup.sh'
[10.167s] INFO:colcon.colcon_core.shell:Creating prefix script '/home/ravik/ros2_rviz/src/interactive_marker_tutorials/install/local_setup.bash'
[10.167s] INFO:colcon.colcon_core.shell:Creating prefix chain script '/home/ravik/ros2_rviz/src/interactive_marker_tutorials/install/setup.bash'
[10.167s] INFO:colcon.colcon_core.shell:Creating prefix script '/home/ravik/ros2_rviz/src/interactive_marker_tutorials/install/local_setup.zsh'
[10.168s] INFO:colcon.colcon_core.shell:Creating prefix chain script '/home/ravik/ros2_rviz/src/interactive_marker_tutorials/install/setup.zsh'
